
time="18:25:39 | 23.09.24" level=info msg="audit message"
time="18:26:15 | 23.09.24" level=info msg="audit message"
time="18:30:42 | 23.09.24" level=info msg="audit message"
time="18:57:44 | 23.09.24" level=info msg="audit message"
time="19:01:37 | 23.09.24" level=info msg="audit message"
time="19:10:25 | 23.09.24" level=info msg="audit message"
time="19:11:13 | 23.09.24" level=info msg="audit message"
time="19:13:41 | 23.09.24" level=info msg="audit message" func=main.main file="D:/iam-from-mac/IAM/cmd/main.go:24"
time="12:30:22 | 25.09.24" level=info msg="Roles:role:admin, role:user created successfully" func=IAM/initializers.InitializeRoles file="D:/iam-from-mac/IAM/initializers/redis.go:119"
time="12:40:59 | 25.09.24" level=info msg="Roles:role:admin, role:user created successfully"
time="12:42:37 | 25.09.24" level=info msg="Roles:role:admin, role:user created successfully"
time="15:03:47 | 28.09.24" level=info msg="User: MAIN_ADMIN: kukuruza774@gmail.com logged in"
time="15:07:15 | 28.09.24" level=info msg="redis initialize success"
time="20:20:48 | 30.09.24" level=info msg="redisSystem initialize success"
time="11:28:16 | 01.10.24" level=info msg="User: MAIN_ADMIN: kukuruza774@gmail.com logged in"
time="11:28:17 | 01.10.24" level=info msg="User: MAIN_ADMIN: kukuruza774@gmail.com logged in"
time="11:28:18 | 01.10.24" level=info msg="User: MAIN_ADMIN: kukuruza774@gmail.com logged in"
time="11:28:25 | 01.10.24" level=info msg="User: MAIN_ADMIN: kukuruza774@gmail.com logged in"
time="11:28:27 | 01.10.24" level=info msg="User: MAIN_ADMIN: kukuruza774@gmail.com logged in"
time="11:28:28 | 01.10.24" level=info msg="User: MAIN_ADMIN: kukuruza774@gmail.com logged in"
time="11:28:28 | 01.10.24" level=info msg="User: MAIN_ADMIN: kukuruza774@gmail.com logged in"
time="11:28:35 | 01.10.24" level=info msg="User: MAIN_ADMIN: kukuruza774@gmail.com logged in"
time="15:42:10 | 01.10.24" level=info msg="admin created successfully: kukuruza774@gmail.com"
time="15:45:15 | 01.10.24" level=info msg="User: ROOT: kukuruza774@gmail.com logged in"
time="15:51:23 | 01.10.24" level=info msg="role 'admin' created successfully"
time="15:51:23 | 01.10.24" level=info msg="role 'user' created successfully"
time="15:51:23 | 01.10.24" level=info msg="admin created successfully: kukuruza774@gmail.com"
time="15:52:23 | 01.10.24" level=info msg="user: 0e631cfe: antoroadum@gmail.com start registration"
time="15:53:12 | 01.10.24" level=info msg="user: 0e631cfe: antoroadum@gmail.com successfully registered"
time="15:55:11 | 01.10.24" level=info msg="User: 0e631cfe: antoroadum@gmail.com logged in"
time="15:55:59 | 01.10.24" level=info msg="reset pass code sended to user: 0e631cfe: antoroadum@gmail.com"
time="15:58:30 | 01.10.24" level=info msg="user: 0e631cfe: antoroadum@gmail.com reset password"
time="08:50:48 | 04.10.24" level=info msg="role 'user' created successfully"
time="08:50:48 | 04.10.24" level=info msg="ROOT created successfully: kukuruza774@gmail.com"
time="08:57:18 | 04.10.24" level=info msg="User: ROOT: kukuruza774@gmail.com logged in"
time="09:11:50 | 04.10.24" level=info msg="role 'admin' created successfully"
time="09:11:50 | 04.10.24" level=info msg="role 'user' created successfully"
time="09:11:50 | 04.10.24" level=info msg="ROOT created successfully: kukuruza774@gmail.com"
time="09:12:08 | 04.10.24" level=info msg="User: ROOT: kukuruza774@gmail.com logged in"
time="09:41:58 | 04.10.24" level=info msg="role 'admin' created successfully"
time="09:41:58 | 04.10.24" level=info msg="role 'user' created successfully"
time="09:41:58 | 04.10.24" level=info msg="ROOT created successfully: kukuruza774@gmail.com"
time="09:42:04 | 04.10.24" level=info msg="User: ROOT: kukuruza774@gmail.com logged in"
time="09:44:03 | 04.10.24" level=info msg="User: ROOT: kukuruza774@gmail.com logged in"
time="09:51:58 | 04.10.24" level=info msg="User: ROOT: kukuruza774@gmail.com logged in"
time="12:22:44 | 08.10.24" level=info msg="role 'admin' created successfully"
time="12:22:44 | 08.10.24" level=info msg="role 'user' created successfully"
time="12:22:44 | 08.10.24" level=info msg="ROOT created successfully: kukuruza774@gmail.com"
time="12:23:00 | 08.10.24" level=info msg="User: ROOT: kukuruza774@gmail.com logged in"
time="10:59:29 | 10.10.24" level=info msg="user: a89f1cc1: antoroadum@gmail.com start registration"
time="11:10:18 | 10.10.24" level=info msg="User: ROOT: kukuruza774@gmail.com logged in"
time="11:12:02 | 10.10.24" level=info msg="user: 8f132388: antoroadum@gmail.com start registration"
time="11:16:29 | 10.10.24" level=info msg="user: 34694f46: antoroadum@gmail.com start registration"
time="11:21:06 | 10.10.24" level=info msg="user deleted:34694f46: antoroadum@gmail.com"
time="11:21:13 | 10.10.24" level=info msg="user: a026b83b: antoroadum@gmail.com start registration"
time="11:26:26 | 10.10.24" level=info msg="user deleted:a026b83b: antoroadum@gmail.com"
time="11:26:31 | 10.10.24" level=info msg="user: bdff14e0: antoroadum@gmail.com start registration"
time="11:36:43 | 10.10.24" level=info msg="user deleted:bdff14e0: antoroadum@gmail.com"
time="11:36:53 | 10.10.24" level=info msg="user: 7cc3e5c2: antoroadum@gmail.com start registration"
time="11:38:34 | 10.10.24" level=info msg="user: 7cc3e5c2: antoroadum@gmail.com successfully registered"
time="11:39:39 | 10.10.24" level=info msg="reset pass code sended to user: 7cc3e5c2: antoroadum@gmail.com"
time="11:40:45 | 10.10.24" level=info msg="user: 7cc3e5c2: antoroadum@gmail.com reset password"
time="10:30:02 | 17.10.24" level=info msg="User: kukuruza774@gmail.com logged in"
time="10:33:50 | 17.10.24" level=info msg="User: kukuruza774@gmail.com logged in"
time="10:36:03 | 17.10.24" level=info msg="User: kukuruza774@gmail.com logged in"
time="10:37:44 | 17.10.24" level=info msg="User: kukuruza774@gmail.com logged in"
time="10:40:26 | 17.10.24" level=info msg="User: kukuruza774@gmail.com logged in"
time="10:40:53 | 17.10.24" level=info msg="User: kukuruza774@gmail.com logged in"
time="10:41:16 | 17.10.24" level=info msg="User: kukuruza774@gmail.com logged in"
time="10:45:21 | 17.10.24" level=info msg="user deleted:antoroadum@gmail.com"
time="10:55:50 | 17.10.24" level=info msg="role created successfully test"
time="10:57:24 | 17.10.24" level=info msg="test updated successfully. New privileges: [create2 edit2 read2 delete2]"
time="11:20:25 | 17.10.24" level=info msg="roles 'user' and 'admin' created successfully"
time="11:20:25 | 17.10.24" level=info msg="ROOT created successfully: kukuruza774@gmail.com"
time="21:15:21 | 25.10.24" level=info msg="roles 'user' and 'admin' created successfully"
time="21:15:21 | 25.10.24" level=info msg="ROOT created successfully: kukuruza774@gmail.com"
time="21:16:00 | 25.10.24" level=info msg="User: kukuruza774@gmail.com logged in"
time="18:39:41 | 23.03.25" level=info msg="roles 'user' and 'admin' created successfully"
time="18:39:41 | 23.03.25" level=info msg="ROOT created successfully: kukuruza774@gmail.com"
time="18:44:21 | 24.03.25" level=info msg="User: kukuruza774@gmail.com logged in"
time="18:44:39 | 24.03.25" level=info msg="user deleted:antoroadum@gmail.com"
time="18:49:17 | 24.03.25" level=info msg="user deleted:antoroadum@gmail.com"
time="19:14:46 | 24.03.25" level=info msg="user deleted:antoroadum@gmail.com"
time="19:17:09 | 24.03.25" level=info msg="user deleted:antoroadum@gmail.com"
time="19:19:09 | 24.03.25" level=info msg="user deleted:antoroadum@gmail.com"
time="19:19:14 | 24.03.25" level=info msg="user: 2c4e70e4: antoroadum@gmail.com start registration"
time="19:30:36 | 24.03.25" level=info msg="user: antoroadum@gmail.com successfully registered"
time="19:42:21 | 24.03.25" level=info msg="user deleted:antoroadum@gmail.com"
time="19:42:30 | 24.03.25" level=info msg="user: 4a10f1ae: antoroadum@gmail.com start registration"
time="19:58:22 | 24.03.25" level=info msg="roles 'user' and 'admin' created successfully"
time="19:58:22 | 24.03.25" level=info msg="ROOT created successfully: kukuruza774@gmail.com"
time="20:34:11 | 24.03.25" level=info msg="User: kukuruza774@gmail.com logged in"
time="20:41:27 | 24.03.25" level=info msg="user: kukuruza774@gmail.com is logged in"
time="10:40:22 | 25.03.25" level=info msg="user: f1d2c69f: antoroadum@gmail.com start registration"
time="10:41:56 | 25.03.25" level=info msg="user: antoroadum@gmail.com successfully registered"
time="10:42:55 | 25.03.25" level=info msg="reset pass code sended to user: antoroadum@gmail.com"
time="10:54:22 | 25.03.25" level=info msg="User: kukuruza774@gmail.com logged in"
time="10:54:42 | 25.03.25" level=info msg="user deleted:antoroadum@gmail.com"
time="10:55:04 | 25.03.25" level=info msg="user: 72350fd1: antoroadum@gmail.com start registration"
time="10:55:38 | 25.03.25" level=info msg="user: antoroadum@gmail.com successfully registered"
time="10:55:43 | 25.03.25" level=info msg="reset pass code sended to user: antoroadum@gmail.com"
time="11:10:51 | 25.03.25" level=info msg="reset pass code sended to user: antoroadum@gmail.com"
time="16:04:42 | 22.04.25" level=info msg="user: 3368a383: antoroadum@gmail.com start registration"
time="16:12:08 | 22.04.25" level=info msg="user: antoroadum@gmail.com successfully registered"
time="18:39:52 | 28.04.25" level=info msg="User: antoroadum@gmail.com logged in"
time="19:18:10 | 29.04.25" level=info msg="roles 'admin' and 'user' created successfully"
time="19:18:10 | 29.04.25" level=info msg="ROOT created successfully: kukuruza774@gmail.com"
time="19:19:19 | 29.04.25" level=info msg="roles 'admin' and 'user' created successfully"
time="19:19:19 | 29.04.25" level=info msg="ROOT created successfully: kukuruza774@gmail.com"
time="19:19:50 | 29.04.25" level=info msg="user: 63785dd8: antoroadum@gmail.com start registration"
time="19:20:50 | 29.04.25" level=info msg="user: antoroadum@gmail.com successfully registered"
time="19:21:04 | 29.04.25" level=info msg="User: antoroadum@gmail.com logged in"
time="13:49:59 | 09.06.25" level=info msg="reset pass code sended to user: antoroadum@gmail.com"
time="13:50:51 | 09.06.25" level=info msg="user: antoroadum@gmail.com reset password"
time="14:01:00 | 09.06.25" level=info msg="reset pass code sended to user: antoroadum@gmail.com"
time="11:37:03 | 10.06.25" level=info msg="reset pass code sended to user: antoroadum@gmail.com"
time="11:41:23 | 10.06.25" level=info msg="reset pass code sended to user: antoroadum@gmail.com"
time="11:45:35 | 10.06.25" level=info msg="reset pass code sended to user: antoroadum@gmail.com"
time="11:47:44 | 10.06.25" level=info msg="reset pass code sended to user: antoroadum@gmail.com"
time="11:48:27 | 10.06.25" level=info msg="reset pass code sended to user: antoroadum@gmail.com"
time="12:12:25 | 10.06.25" level=info msg="reset pass code sended to user: antoroadum@gmail.com"
time="12:38:21 | 10.06.25" level=info msg="reset pass code sended to user: antoroadum@gmail.com"
time="16:32:21 | 10.06.25" level=info msg="reset pass code sended to user: antoroadum@gmail.com"
time="16:37:59 | 10.06.25" level=info msg="reset pass code sended to user: antoroadum@gmail.com"
time="16:44:06 | 10.06.25" level=info msg="reset pass code sended to user: antoroadum@gmail.com"
time="19:19:13 | 09.07.25" level=info msg="reset pass code sended to user: antoroadum@gmail.com"
time="19:19:41 | 09.07.25" level=info msg="user: antoroadum@gmail.com reset password"
time="19:21:34 | 09.07.25" level=info msg="reset pass code sended to user: antoroadum@gmail.com"
time="19:21:58 | 09.07.25" level=info msg="reset pass code sended to user: antoroadum@gmail.com"
time="19:22:27 | 09.07.25" level=info msg="user: antoroadum@gmail.com reset password"
time="19:22:40 | 09.07.25" level=info msg="user: antoroadum@gmail.com reset password"
time="19:23:06 | 09.07.25" level=info msg="User: antoroadum@gmail.com logged in"
time="15:48:31 | 30.07.25" level=info msg="roles 'admin' and 'user' created successfully"
time="15:48:31 | 30.07.25" level=info msg="ROOT created successfully: kukuruza774@gmail.com"
time="12:02:01 | 31.07.25" level=info msg="user: kukuruza774@gmail.com is logged in"
time="12:05:27 | 31.07.25" level=info msg="user denis.basov.it@gmail.com deleted successfully"
time="12:12:46 | 31.07.25" level=info msg="user denis.basov.it@gmail.com deleted successfully"
time="12:43:08 | 31.07.25" level=info msg="user denis.basov.it@gmail.com deleted successfully"
time="12:48:13 | 31.07.25" level=info msg="user denis.basovt@gmail.com deleted successfully"
time="12:48:21 | 31.07.25" level=info msg="user pen@mail.com deleted successfully"
time="12:48:30 | 31.07.25" level=info msg="user pen@mail.ru deleted successfully"
time="12:48:44 | 31.07.25" level=info msg="user: af92bba3: denis.basov.it@gmail.com start registration"
time="12:50:32 | 31.07.25" level=info msg="user: denis.basov.it@gmail.com successfully registered"
time="12:56:08 | 31.07.25" level=info msg="user: 45ab001a: denis.basov.it2@gmail.com start registration"
time="12:56:26 | 31.07.25" level=info msg="user: denis.basov.it2@gmail.com successfully registered"
time="12:56:51 | 31.07.25" level=info msg="User: denis.basov.it2@gmail.com logged in"
time="13:01:59 | 31.07.25" level=info msg="user: kukuruza774@gmail.com is logged in"
time="13:11:33 | 31.07.25" level=info msg="user: denis.basov.it2@gmail.com reset password"
time="13:26:51 | 31.07.25" level=info msg="user denis.basov.it2@gmail.com deleted successfully"
time="13:27:05 | 31.07.25" level=info msg="user: 6fddd383: denis.basov.it2@gmail.com start registration"
time="13:28:28 | 31.07.25" level=info msg="user denis.basov.it2@gmail.com deleted successfully"
time="13:28:34 | 31.07.25" level=info msg="user: 127a04f3: denis.basov.it2@gmail.com start registration"
time="13:29:05 | 31.07.25" level=info msg="user: denis.basov.it2@gmail.com successfully registered"
time="13:30:56 | 31.07.25" level=info msg="user denis.basov.it2@gmail.com deleted successfully"
time="13:31:04 | 31.07.25" level=info msg="user: 64686711: denis.basov.it2@gmail.com start registration"
time="13:31:18 | 31.07.25" level=info msg="user: denis.basov.it2@gmail.com successfully registered"
time="13:31:46 | 31.07.25" level=info msg="reset pass code sended to user: denis.basov.it2@gmail.com"
time="13:32:03 | 31.07.25" level=info msg="user: denis.basov.it2@gmail.com reset password"
