
time="18:25:39 | 23.09.24" level=error msg="error message"
time="18:26:15 | 23.09.24" level=error msg="error message"
time="18:30:42 | 23.09.24" level=error msg="error message"
time="18:57:44 | 23.09.24" level=error msg="error message"
time="18:57:49 | 23.09.24" level=error msg="redis: nil"
time="19:01:37 | 23.09.24" level=error msg="error message"
time="19:01:43 | 23.09.24" level=error msg="redis: nil"
time="19:10:25 | 23.09.24" level=error msg="error message"
time="19:11:13 | 23.09.24" level=error msg="error message"
time="19:11:18 | 23.09.24" level=error msg="redis: nil"
time="19:13:41 | 23.09.24" level=error msg="error message" func=main.main file="D:/iam-from-mac/IAM/cmd/main.go:23"
time="12:52:55 | 24.09.24" level=error msg="failed to exchange code for token: oauth2: \"invalid_grant\" \"Bad Request\"" func=IAM/pkg/googleAuth.GoogleLogin file="D:/iam-from-mac/IAM/pkg/googleAuth/googleLogin.go:28"
time="20:04:20 | 24.09.24" level=error msg="535 5.7.8 Username and Password not accepted. For more information, go to\n5.7.8  https://support.google.com/mail/?p=BadCredentials 2adb3069b0e04-537a85e0515sm283106e87.42 - gsmtp" func=IAM/pkg/handlers/access.SendVerificationCode file="D:/iam-from-mac/IAM/pkg/handlers/access/sendVerificationCode.go:46"
time="10:02:36 | 25.09.24" level=error msg="no token provided" func=main.main.AuthMiddleware.func1 file="D:/iam-from-mac/IAM/pkg/middlewares/auth.go:19"
time="10:03:03 | 25.09.24" level=error msg="redis: nil" func=main.main.CheckPrivileges.func2 file="D:/iam-from-mac/IAM/pkg/middlewares/checkPrivileges.go:26"
time="10:03:27 | 25.09.24" level=error msg="redis: nil" func=main.main.CheckPrivileges.func2 file="D:/iam-from-mac/IAM/pkg/middlewares/checkPrivileges.go:26"
time="10:03:41 | 25.09.24" level=error msg="redis: nil" func=main.main.CheckPrivileges.func2 file="D:/iam-from-mac/IAM/pkg/middlewares/checkPrivileges.go:26"
time="10:10:09 | 25.09.24" level=error msg="email alex@goidamail.com not found" func=IAM/pkg/handlers/users.ApproveRegistration file="D:/iam-from-mac/IAM/pkg/handlers/users/approveRegistration.go:39"
time="10:11:42 | 25.09.24" level=error msg="redis: nil" func=main.main.CheckPrivileges.func2 file="D:/iam-from-mac/IAM/pkg/middlewares/checkPrivileges.go:26"
time="10:13:26 | 25.09.24" level=error msg="email antoroadum@gmail.com not found" func=IAM/pkg/handlers/users.ApproveRegistration file="D:/iam-from-mac/IAM/pkg/handlers/users/approveRegistration.go:39"
time="10:18:21 | 25.09.24" level=error msg="no token provided" func=main.main.AuthMiddleware.func1 file="D:/iam-from-mac/IAM/pkg/middlewares/auth.go:19"
time="10:22:04 | 25.09.24" level=error msg="email alex@goidamail.com not found" func=IAM/pkg/handlers/users.DeleteUser file="D:/iam-from-mac/IAM/pkg/handlers/users/deleteUser.go:28"
time="10:34:38 | 25.09.24" level=error msg="redis: nil" func=main.main.CheckPrivileges.func2 file="D:/iam-from-mac/IAM/pkg/middlewares/checkPrivileges.go:26"
time="10:35:28 | 25.09.24" level=error msg="redis: nil" func=main.main.CheckPrivileges.func2 file="D:/iam-from-mac/IAM/pkg/middlewares/checkPrivileges.go:26"
time="10:36:13 | 25.09.24" level=error msg="redis: nil" func=main.main.CheckPrivileges.func2 file="D:/iam-from-mac/IAM/pkg/middlewares/checkPrivileges.go:26"
time="10:38:41 | 25.09.24" level=error msg="no token provided" func=main.main.AuthMiddleware.func1 file="D:/iam-from-mac/IAM/pkg/middlewares/auth.go:19"
time="10:38:45 | 25.09.24" level=error msg="redis: nil" func=main.main.CheckPrivileges.func2 file="D:/iam-from-mac/IAM/pkg/middlewares/checkPrivileges.go:26"
time="10:45:40 | 25.09.24" level=error msg="redis: nil" func=main.main.CheckPrivileges.func2 file="D:/iam-from-mac/IAM/pkg/middlewares/checkPrivileges.go:26"
time="10:49:37 | 25.09.24" level=error msg="token is expired by 325h50m10s" func=main.main.AuthMiddleware.func1 file="D:/iam-from-mac/IAM/pkg/middlewares/auth.go:32"
time="10:49:42 | 25.09.24" level=error msg="redis: nil" func=main.main.CheckPrivileges.func5 file="D:/iam-from-mac/IAM/pkg/middlewares/checkPrivileges.go:35"
time="19:47:06 | 25.09.24" level=error msg="redis: nil" func=main.main.CheckPrivileges.func2 file="D:/iam-from-mac/IAM/pkg/middlewares/checkPrivileges.go:26"
time="19:47:38 | 25.09.24" level=error msg="crypto/bcrypt: hashedSecret too short to be a bcrypted password" func=IAM/pkg/handlers/users.Authenticate file="D:/iam-from-mac/IAM/pkg/handlers/users/authentication.go:53"
time="15:44:07 | 01.10.24" level=error msg="redis: nil" func=main.main.Authenticate.func8 file="D:/iam-from-mac/IAM/pkg/handlers/users/authentication.go:67"
time="15:53:22 | 01.10.24" level=error msg="crypto/bcrypt: hashedPassword is not the hash of the given password" func=main.main.Authenticate.func8 file="D:/iam-from-mac/IAM/pkg/handlers/users/authentication.go:58"
time="15:55:05 | 01.10.24" level=error msg="crypto/bcrypt: hashedPassword is not the hash of the given password" func=main.main.Authenticate.func8 file="D:/iam-from-mac/IAM/pkg/handlers/users/authentication.go:58"
time="15:56:19 | 01.10.24" level=error msg="Key: 'ResetPass.NewUserVersion' Error:Field validation for 'NewUserVersion' failed on the 'required' tag" func=main.main.ApproveResetPassword.func7 file="D:/iam-from-mac/IAM/pkg/handlers/users/resetPassword.go:92"
time="15:58:56 | 01.10.24" level=error msg="redis: nil" func=main.main.AuthMiddleware.func9 file="D:/iam-from-mac/IAM/pkg/middlewares/auth.go:31"
time="16:02:15 | 01.10.24" level=error msg="redis: nil" func=main.main.AuthMiddleware.func9 file="D:/iam-from-mac/IAM/pkg/middlewares/auth.go:31"
time="16:04:47 | 01.10.24" level=error msg="redis: nil" func=IAM/pkg/jwtHandlers.IsTokenValid file="D:/iam-from-mac/IAM/pkg/jwtHandlers/isTokenValid.go:20"
time="16:04:47 | 01.10.24" level=error msg="redis: nil" func=main.main.AuthMiddleware.func9 file="D:/iam-from-mac/IAM/pkg/middlewares/auth.go:32"
time="08:50:20 | 04.10.24" level=error msg="dial tcp [::1]:6379: connect: connection refused" func=IAM/pkg/redisSystem.InitRedis file="/Users/denisbasov/Desktop/IAM-main/pkg/redisSystem/initRedis.go:39"
time="08:50:26 | 04.10.24" level=error msg="dial tcp [::1]:6379: connect: connection refused" func=IAM/pkg/redisSystem.InitRedis file="/Users/denisbasov/Desktop/IAM-main/pkg/redisSystem/initRedis.go:39"
time="08:50:41 | 04.10.24" level=error msg="dial tcp [::1]:6379: connect: connection refused" func=IAM/pkg/redisSystem.InitRedis file="/Users/denisbasov/Desktop/IAM-main/pkg/redisSystem/initRedis.go:39"
time="08:53:47 | 04.10.24" level=error msg="WRONGTYPE Operation against a key holding the wrong kind of value" func=main.main.Authenticate.func8 file="/Users/denisbasov/Desktop/IAM-main/pkg/handlers/users/authentication.go:36"
time="08:57:42 | 04.10.24" level=error msg="redis: nil" func=IAM/pkg/jwtHandlers.IsTokenValid file="/Users/denisbasov/Desktop/IAM-main/pkg/jwtHandlers/isTokenValid.go:20"
time="08:57:42 | 04.10.24" level=error msg="redis: nil" func=main.main.AuthMiddleware.func9 file="/Users/denisbasov/Desktop/IAM-main/pkg/middlewares/authMiddleware.go:27"
time="09:07:40 | 04.10.24" level=error msg="redis: nil" func=IAM/pkg/jwtHandlers.IsTokenValid file="/Users/denisbasov/Desktop/IAM-main/pkg/jwtHandlers/isTokenValid.go:20"
time="09:07:40 | 04.10.24" level=error msg="redis: nil" func=main.main.AuthMiddleware.func9 file="/Users/denisbasov/Desktop/IAM-main/pkg/middlewares/authMiddleware.go:27"
time="09:09:47 | 04.10.24" level=error msg="redis: nil" func=IAM/pkg/jwtHandlers.IsTokenValid file="/Users/denisbasov/Desktop/IAM-main/pkg/jwtHandlers/isTokenValid.go:20"
time="09:09:47 | 04.10.24" level=error msg="redis: nil" func=main.main.AuthMiddleware.func9 file="/Users/denisbasov/Desktop/IAM-main/pkg/middlewares/authMiddleware.go:27"
time="09:10:45 | 04.10.24" level=error msg="redis: nil" func=IAM/pkg/jwtHandlers.IsTokenValid file="/Users/denisbasov/Desktop/IAM-main/pkg/jwtHandlers/isTokenValid.go:20"
time="09:10:45 | 04.10.24" level=error msg="redis: nil" func=main.main.AuthMiddleware.func9 file="/Users/denisbasov/Desktop/IAM-main/pkg/middlewares/authMiddleware.go:27"
time="09:12:28 | 04.10.24" level=error msg="redis: nil" func=IAM/pkg/jwtHandlers.IsTokenValid file="/Users/denisbasov/Desktop/IAM-main/pkg/jwtHandlers/isTokenValid.go:20"
time="09:12:28 | 04.10.24" level=error msg="redis: nil" func=main.main.AuthMiddleware.func9 file="/Users/denisbasov/Desktop/IAM-main/pkg/middlewares/authMiddleware.go:27"
time="16:38:21 | 12.10.24" level=error msg="dial tcp [::1]:6379: connectex: No connection could be made because the target machine actively refused it." func=IAM/pkg/repository.InitRedis file="C:/Users/kukur/Desktop/IAM/pkg/repository/initRedis.go:34"
time="20:35:39 | 16.10.24" level=error msg="dial tcp [::1]:6379: connectex: No connection could be made because the target machine actively refused it." func=IAM/pkg/repository.InitRedis file="C:/Users/kukur/Desktop/IAM/pkg/repository/initRedis.go:34"
time="10:25:02 | 17.10.24" level=error msg="cannot get user id from redis: WRONGTYPE Operation against a key holding the wrong kind of value" func="IAM/pkg/repository/requests/redisAuthentication.(*RedisAuthManagementRepository).GetPassword" file="/Users/denisbasov/Desktop/IAM-main/pkg/repository/requests/redisAuthentication/redisBasicAuth.go:25"
time="10:25:02 | 17.10.24" level=error msg="cannot get user id from redis: WRONGTYPE Operation against a key holding the wrong kind of value" func=main.main.Authenticate.func8 file="/Users/denisbasov/Desktop/IAM-main/pkg/handlers/authentication/authentication.go:38"
time="10:30:02 | 17.10.24" level=error msg="failed set jwtredis: can't marshal map[string]interface {} (implement encoding.BinaryMarshaler)" func="IAM/pkg/repository/requests/redisJWT.(*JwtManagementRepository).SetJWT" file="/Users/denisbasov/Desktop/IAM-main/pkg/repository/requests/redisJWT/redisJWT.go:45"
time="10:30:02 | 17.10.24" level=error msg="redis: can't marshal map[string]interface {} (implement encoding.BinaryMarshaler)" func=IAM/pkg/jwt/authJWT.UpdateJWT file="/Users/denisbasov/Desktop/IAM-main/pkg/jwt/authJWT/updateJWT.go:34"
time="10:47:22 | 17.10.24" level=error msg="user does not exist" func=main.main.DeleteUser.func15 file="/Users/denisbasov/Desktop/IAM-main/pkg/handlers/users/deleteUser.go:35"
time="10:48:17 | 17.10.24" level=error msg="user does not exist" func=main.main.DeleteUser.func15 file="/Users/denisbasov/Desktop/IAM-main/pkg/handlers/users/deleteUser.go:38"
time="10:48:40 | 17.10.24" level=error msg="user does not exist" func=main.main.DeleteUser.func15 file="/Users/denisbasov/Desktop/IAM-main/pkg/handlers/users/deleteUser.go:38"
time="10:55:01 | 17.10.24" level=error msg="failed parse jwttoken is expired by 792h4m36s" func=IAM/pkg/jwt/middlewareJWT.ValidateTokenSignature file="/Users/denisbasov/Desktop/IAM-main/pkg/jwt/middlewareJWT/checkTokenValid.go:58"
time="10:55:01 | 17.10.24" level=error msg="token is expired by 792h4m36s" func=IAM/pkg/jwt/middlewareJWT.CheckTokenValid file="/Users/denisbasov/Desktop/IAM-main/pkg/jwt/middlewareJWT/checkTokenValid.go:22"
time="10:55:01 | 17.10.24" level=error msg="token is expired by 792h4m36s" func=main.main.AuthMiddleware.func9 file="/Users/denisbasov/Desktop/IAM-main/pkg/middlewares/authMiddleware.go:25"
time="10:55:07 | 17.10.24" level=error msg="Key: 'RolesData.RoleName' Error:Field validation for 'RoleName' failed on the 'required' tag" func=main.main.CreateRole.func21 file="/Users/denisbasov/Desktop/IAM-main/pkg/handlers/roles/createRole.go:17"
time="10:57:08 | 17.10.24" level=error msg="failed parse jwttoken is expired by 792h6m43s" func=IAM/pkg/jwt/middlewareJWT.ValidateTokenSignature file="/Users/denisbasov/Desktop/IAM-main/pkg/jwt/middlewareJWT/checkTokenValid.go:58"
time="10:57:08 | 17.10.24" level=error msg="token is expired by 792h6m43s" func=IAM/pkg/jwt/middlewareJWT.CheckTokenValid file="/Users/denisbasov/Desktop/IAM-main/pkg/jwt/middlewareJWT/checkTokenValid.go:22"
time="10:57:08 | 17.10.24" level=error msg="token is expired by 792h6m43s" func=main.main.AuthMiddleware.func9 file="/Users/denisbasov/Desktop/IAM-main/pkg/middlewares/authMiddleware.go:25"
time="10:57:14 | 17.10.24" level=error msg="Key: 'RolesData.RoleName' Error:Field validation for 'RoleName' failed on the 'required' tag" func=main.main.RedactRole.func25 file="/Users/denisbasov/Desktop/IAM-main/pkg/handlers/roles/redactRole.go:17"
time="16:30:30 | 18.10.24" level=error msg="dial tcp [::1]:6379: connectex: No connection could be made because the target machine actively refused it." func=IAM/pkg/repository.InitRedis file="C:/Users/kukur/Desktop/IAM/pkg/repository/initRedis.go:36"
time="21:16:13 | 25.10.24" level=error msg="user does not exist" func=main.main.Authenticate.func8 file="C:/Users/kukur/Desktop/IAM/pkg/handlers/authentication/authentication.go:38"
time="21:22:48 | 25.10.24" level=error msg="dial tcp 172.67.192.30:587: connectex: A connection attempt failed because the connected party did not properly respond after a period of time, or established connection failed because connected host has failed to respond." func=main.main.StartRegistration.func4 file="C:/Users/kukur/Desktop/IAM/pkg/handlers/authentication/registration.go:54"
time="21:25:21 | 25.10.24" level=error msg="dial tcp 172.67.192.30:587: connectex: A connection attempt failed because the connected party did not properly respond after a period of time, or established connection failed because connected host has failed to respond." func=main.main.StartResetPassword.func6 file="C:/Users/kukur/Desktop/IAM/pkg/handlers/authentication/resetPassword.go:49"
time="10:12:48 | 23.03.25" level=error msg="dial tcp: address 6379: missing port in address" func=IAM/pkg/repository.InitRedis file="C:/Users/kukur/Desktop/IAM-new/Identity-and-Access-Management/pkg/repository/initRedis.go:35"
time="10:16:56 | 23.03.25" level=error msg="dial tcp: address 6379: missing port in address" func=IAM/pkg/repository.InitRedis file="C:/Users/kukur/Desktop/IAM-new/Identity-and-Access-Management/pkg/repository/initRedis.go:35"
time="10:17:20 | 23.03.25" level=error msg="dial tcp: address 6379: missing port in address" func=IAM/pkg/repository.InitRedis file="C:/Users/kukur/Desktop/IAM-new/Identity-and-Access-Management/pkg/repository/initRedis.go:35"
time="18:34:10 | 23.03.25" level=error msg="dial tcp: lookup redis: no such host" func=IAM/pkg/repository.InitRedis file="C:/Users/kukur/Desktop/IAM-new/Identity-and-Access-Management/pkg/repository/initRedis.go:35"
time="18:35:25 | 23.03.25" level=error msg="dial tcp: lookup redis: no such host" func=IAM/pkg/repository.InitRedis file="C:/Users/kukur/Desktop/IAM-new/Identity-and-Access-Management/pkg/repository/initRedis.go:35"
time="18:39:02 | 23.03.25" level=error msg="dial tcp: lookup redis: no such host" func=IAM/pkg/repository.InitRedis file="C:/Users/kukur/Desktop/IAM-new/Identity-and-Access-Management/pkg/repository/initRedis.go:36"
time="18:40:34 | 23.03.25" level=error msg="user does not exist" func=main.main.Authenticate.func8 file="C:/Users/kukur/Desktop/IAM-new/Identity-and-Access-Management/pkg/handlers/authentication/authentication.go:38"
time="18:42:44 | 23.03.25" level=error msg="role already exist" func=IAM/pkg/repository.InitializeRoles file="C:/Users/kukur/Desktop/IAM-new/Identity-and-Access-Management/pkg/repository/initRedis.go:65"
time="18:46:32 | 23.03.25" level=error msg="role already exist" func=IAM/pkg/repository.InitializeRoles file="C:/Users/kukur/Desktop/IAM-new/Identity-and-Access-Management/pkg/repository/initRedis.go:66"
time="18:48:24 | 23.03.25" level=error msg="dial tcp 172.67.192.30:587: connectex: A connection attempt failed because the connected party did not properly respond after a period of time, or established connection failed because connected host has failed to respond." func=main.main.StartRegistration.func4 file="C:/Users/kukur/Desktop/IAM-new/Identity-and-Access-Management/pkg/handlers/authentication/registration.go:54"
time="18:45:51 | 24.03.25" level=error msg="dial tcp 104.21.81.241:587: connectex: A connection attempt failed because the connected party did not properly respond after a period of time, or established connection failed because connected host has failed to respond." func=main.main.StartRegistration.func4 file="C:/Users/kukur/Desktop/IAM-new/Identity-and-Access-Management/pkg/handlers/authentication/registration.go:54"
time="18:50:14 | 24.03.25" level=error msg="dial tcp 104.21.81.241:587: connectex: A connection attempt failed because the connected party did not properly respond after a period of time, or established connection failed because connected host has failed to respond." func=main.main.StartRegistration.func4 file="C:/Users/kukur/Desktop/IAM-new/Identity-and-Access-Management/pkg/handlers/authentication/registration.go:54"
time="19:15:34 | 24.03.25" level=error msg="dial tcp 172.67.192.30:587: connectex: A connection attempt failed because the connected party did not properly respond after a period of time, or established connection failed because connected host has failed to respond." func=main.main.StartRegistration.func4 file="C:/Users/kukur/Desktop/IAM-new/Identity-and-Access-Management/pkg/handlers/authentication/registration.go:54"
time="19:17:56 | 24.03.25" level=error msg="dial tcp 172.67.192.30:587: connectex: A connection attempt failed because the connected party did not properly respond after a period of time, or established connection failed because connected host has failed to respond." func=main.main.StartRegistration.func4 file="C:/Users/kukur/Desktop/IAM-new/Identity-and-Access-Management/pkg/handlers/authentication/registration.go:54"
time="19:32:27 | 24.03.25" level=error msg="failed get verification coderedis: nil" func="IAM/pkg/repository/requests/redisAuthentication.(*RedisAuthManagementRepository).GetVerificationCode" file="C:/Users/kukur/Desktop/IAM-new/Identity-and-Access-Management/pkg/repository/requests/redisAuthentication/redisRegistration.go:92"
time="19:32:27 | 24.03.25" level=error msg="redis: nil" func=main.main.ApproveRegistration.func5 file="C:/Users/kukur/Desktop/IAM-new/Identity-and-Access-Management/pkg/handlers/authentication/registration.go:98"
time="19:32:57 | 24.03.25" level=error msg="failed get verification coderedis: nil" func="IAM/pkg/repository/requests/redisAuthentication.(*RedisAuthManagementRepository).GetVerificationCode" file="C:/Users/kukur/Desktop/IAM-new/Identity-and-Access-Management/pkg/repository/requests/redisAuthentication/redisRegistration.go:92"
time="19:32:57 | 24.03.25" level=error msg="redis: nil" func=main.main.ApproveRegistration.func5 file="C:/Users/kukur/Desktop/IAM-new/Identity-and-Access-Management/pkg/handlers/authentication/registration.go:98"
time="19:33:32 | 24.03.25" level=error msg="failed get verification coderedis: nil" func="IAM/pkg/repository/requests/redisAuthentication.(*RedisAuthManagementRepository).GetVerificationCode" file="C:/Users/kukur/Desktop/IAM-new/Identity-and-Access-Management/pkg/repository/requests/redisAuthentication/redisRegistration.go:92"
time="19:33:32 | 24.03.25" level=error msg="redis: nil" func=main.main.ApproveRegistration.func5 file="C:/Users/kukur/Desktop/IAM-new/Identity-and-Access-Management/pkg/handlers/authentication/registration.go:100"
time="20:03:58 | 24.03.25" level=error msg="role already exist" func=IAM/pkg/repository.InitializeRoles file="C:/Users/kukur/Desktop/IAM-new/Identity-and-Access-Management/pkg/repository/initRedis.go:66"
time="20:33:07 | 24.03.25" level=error msg="oauth2: \"invalid_grant\" \"Bad Request\"" func=IAM/pkg/handlers/authentication/googleAuth.HandleOAuthCallback file="C:/Users/kukur/Desktop/IAM-new/Identity-and-Access-Management/pkg/handlers/authentication/googleAuth/handleCallback.go:22"
time="20:33:07 | 24.03.25" level=error msg="failed to exchange code for token: oauth2: \"invalid_grant\" \"Bad Request\"" func=main.main.GoogleLogin.func3 file="C:/Users/kukur/Desktop/IAM-new/Identity-and-Access-Management/pkg/handlers/authentication/googleAuth/googleLogin.go:34"
time="10:37:47 | 25.03.25" level=error msg="dial tcp [::1]:6379: connectex: No connection could be made because the target machine actively refused it." func=IAM/pkg/repository.InitRedis file="C:/Users/kukur/Desktop/IAM-new/Identity-and-Access-Management/pkg/repository/initRedis.go:36"
time="10:43:19 | 25.03.25" level=error msg="failed get verification coderedis: nil" func="IAM/pkg/repository/requests/redisAuthentication.(*RedisAuthManagementRepository).GetVerificationCode" file="C:/Users/kukur/Desktop/IAM-new/Identity-and-Access-Management/pkg/repository/requests/redisAuthentication/redisRegistration.go:92"
time="10:43:19 | 25.03.25" level=error msg="redis: nil" func=main.main.ApproveResetPassword.func7 file="C:/Users/kukur/Desktop/IAM-new/Identity-and-Access-Management/pkg/handlers/authentication/resetPassword.go:85"
time="10:44:43 | 25.03.25" level=error msg="failed get verification coderedis: nil" func="IAM/pkg/repository/requests/redisAuthentication.(*RedisAuthManagementRepository).GetVerificationCode" file="C:/Users/kukur/Desktop/IAM-new/Identity-and-Access-Management/pkg/repository/requests/redisAuthentication/redisRegistration.go:92"
time="10:44:43 | 25.03.25" level=error msg="redis: nil" func=main.main.ApproveResetPassword.func7 file="C:/Users/kukur/Desktop/IAM-new/Identity-and-Access-Management/pkg/handlers/authentication/resetPassword.go:85"
time="10:56:28 | 25.03.25" level=error msg="failed save user dataredis: can't marshal map[string]interface {} (implement encoding.BinaryMarshaler)" func="IAM/pkg/repository/requests/redisAuthentication.(*RedisAuthManagementRepository).SaveNewUserData" file="C:/Users/kukur/Desktop/IAM-new/Identity-and-Access-Management/pkg/repository/requests/redisAuthentication/redisResetPassword.go:41"
time="10:56:28 | 25.03.25" level=error msg="redis: can't marshal map[string]interface {} (implement encoding.BinaryMarshaler)" func=main.main.ApproveResetPassword.func7 file="C:/Users/kukur/Desktop/IAM-new/Identity-and-Access-Management/pkg/handlers/authentication/resetPassword.go:115"
time="11:01:24 | 25.03.25" level=error msg="failed get verification coderedis: nil" func="IAM/pkg/repository/requests/redisAuthentication.(*RedisAuthManagementRepository).GetVerificationCode" file="C:/Users/kukur/Desktop/IAM-new/Identity-and-Access-Management/pkg/repository/requests/redisAuthentication/redisRegistration.go:92"
time="11:01:24 | 25.03.25" level=error msg="redis: nil" func=main.main.ApproveResetPassword.func7 file="C:/Users/kukur/Desktop/IAM-new/Identity-and-Access-Management/pkg/handlers/authentication/resetPassword.go:86"
time="11:07:34 | 25.03.25" level=error msg="failed save user dataredis: can't marshal map[string]interface {} (implement encoding.BinaryMarshaler)" func="IAM/pkg/repository/requests/redisAuthentication.(*RedisAuthManagementRepository).SaveNewUserData" file="C:/Users/kukur/Desktop/IAM-new/Identity-and-Access-Management/pkg/repository/requests/redisAuthentication/redisResetPassword.go:41"
time="11:07:34 | 25.03.25" level=error msg="redis: can't marshal map[string]interface {} (implement encoding.BinaryMarshaler)" func=main.main.ApproveResetPassword.func7 file="C:/Users/kukur/Desktop/IAM-new/Identity-and-Access-Management/pkg/handlers/authentication/resetPassword.go:117"
time="11:11:25 | 25.03.25" level=error msg="failed save user dataredis: can't marshal map[string]interface {} (implement encoding.BinaryMarshaler)" func="IAM/pkg/repository/requests/redisAuthentication.(*RedisAuthManagementRepository).SaveNewUserData" file="C:/Users/kukur/Desktop/IAM-new/Identity-and-Access-Management/pkg/repository/requests/redisAuthentication/redisResetPassword.go:42"
time="11:11:25 | 25.03.25" level=error msg="redis: can't marshal map[string]interface {} (implement encoding.BinaryMarshaler)" func=main.main.ApproveResetPassword.func7 file="C:/Users/kukur/Desktop/IAM-new/Identity-and-Access-Management/pkg/handlers/authentication/resetPassword.go:117"
time="15:51:00 | 22.04.25" level=error msg="dial tcp [::1]:6379: connectex: No connection could be made because the target machine actively refused it." func=IAM/pkg/repository.InitRedis file="C:/Users/kukur/Desktop/IAM-new/Identity-and-Access-Management/pkg/repository/initRedis.go:36"
time="17:39:29 | 28.04.25" level=error msg="no token provided" func=main.main.AuthMiddleware.func9 file="C:/Users/kukur/Desktop/IAM-new/Identity-and-Access-Management/pkg/middlewares/authMiddleware.go:16"
time="18:40:42 | 28.04.25" level=fatal msg="failed to get role privileges: redis: nil" func="IAM/pkg/repository/requests/redisRoles.(*RedisRolesManagementRepository).GetRolePrivileges" file="C:/Users/kukur/Desktop/IAM-new/Identity-and-Access-Management/pkg/repository/requests/redisRoles/redisGetRolePrivileges.go:13"
time="19:12:01 | 28.04.25" level=error msg="ERR wrong number of arguments for 'hset' command" func=IAM/pkg/repository.InitializeRoles file="C:/Users/kukur/Desktop/IAM-new/Identity-and-Access-Management/pkg/repository/initRedis.go:66"
time="19:22:23 | 28.04.25" level=error msg="ERR wrong number of arguments for 'hset' command" func="IAM/pkg/repository/requests/redisRoles.(*RedisRolesManagementRepository).CreateRole.func1" file="C:/Users/kukur/Desktop/IAM-new/Identity-and-Access-Management/pkg/repository/requests/redisRoles/redisCreateRole.go:39"
time="19:22:23 | 28.04.25" level=error msg="ERR wrong number of arguments for 'hset' command" func=IAM/pkg/repository.InitializeRoles file="C:/Users/kukur/Desktop/IAM-new/Identity-and-Access-Management/pkg/repository/initRedis.go:68"
time="19:23:44 | 28.04.25" level=error msg="role already exist" func=IAM/pkg/repository.InitializeRoles file="C:/Users/kukur/Desktop/IAM-new/Identity-and-Access-Management/pkg/repository/initRedis.go:68"
time="19:23:55 | 28.04.25" level=error msg="ERR wrong number of arguments for 'hset' command" func="IAM/pkg/repository/requests/redisRoles.(*RedisRolesManagementRepository).CreateRole.func1" file="C:/Users/kukur/Desktop/IAM-new/Identity-and-Access-Management/pkg/repository/requests/redisRoles/redisCreateRole.go:40"
time="19:23:55 | 28.04.25" level=error msg="ERR wrong number of arguments for 'hset' command" func=IAM/pkg/repository.InitializeRoles file="C:/Users/kukur/Desktop/IAM-new/Identity-and-Access-Management/pkg/repository/initRedis.go:68"
time="19:24:37 | 28.04.25" level=error msg="ERR wrong number of arguments for 'hset' command" func="IAM/pkg/repository/requests/redisRoles.(*RedisRolesManagementRepository).CreateRole.func1" file="C:/Users/kukur/Desktop/IAM-new/Identity-and-Access-Management/pkg/repository/requests/redisRoles/redisCreateRole.go:40"
time="19:24:37 | 28.04.25" level=error msg="ERR wrong number of arguments for 'hset' command" func=IAM/pkg/repository.InitializeRoles file="C:/Users/kukur/Desktop/IAM-new/Identity-and-Access-Management/pkg/repository/initRedis.go:68"
time="19:26:31 | 28.04.25" level=error msg="ERR wrong number of arguments for 'hset' command" func="IAM/pkg/repository/requests/redisRoles.(*RedisRolesManagementRepository).CreateRole.func1" file="C:/Users/kukur/Desktop/IAM-new/Identity-and-Access-Management/pkg/repository/requests/redisRoles/redisCreateRole.go:40"
time="19:26:31 | 28.04.25" level=error msg="ERR wrong number of arguments for 'hset' command" func=IAM/pkg/repository.InitializeRoles file="C:/Users/kukur/Desktop/IAM-new/Identity-and-Access-Management/pkg/repository/initRedis.go:68"
time="19:26:36 | 28.04.25" level=error msg="ERR wrong number of arguments for 'hset' command" func="IAM/pkg/repository/requests/redisRoles.(*RedisRolesManagementRepository).CreateRole.func1" file="C:/Users/kukur/Desktop/IAM-new/Identity-and-Access-Management/pkg/repository/requests/redisRoles/redisCreateRole.go:40"
time="19:26:36 | 28.04.25" level=error msg="ERR wrong number of arguments for 'hset' command" func=IAM/pkg/repository.InitializeRoles file="C:/Users/kukur/Desktop/IAM-new/Identity-and-Access-Management/pkg/repository/initRedis.go:68"
time="19:29:58 | 28.04.25" level=error msg="ERR wrong number of arguments for 'hset' command" func="IAM/pkg/repository/requests/redisRoles.(*RedisRolesManagementRepository).CreateRole.func1" file="C:/Users/kukur/Desktop/IAM-new/Identity-and-Access-Management/pkg/repository/requests/redisRoles/redisCreateRole.go:40"
time="19:29:58 | 28.04.25" level=error msg="ERR wrong number of arguments for 'hset' command" func=IAM/pkg/repository.InitializeRoles file="C:/Users/kukur/Desktop/IAM-new/Identity-and-Access-Management/pkg/repository/initRedis.go:68"
time="18:59:20 | 29.04.25" level=error msg="dial tcp [::1]:6379: connectex: No connection could be made because the target machine actively refused it." func=IAM/pkg/repository.InitRedis file="C:/Users/kukur/Desktop/IAM-new/Identity-and-Access-Management/pkg/repository/initRedis.go:36"
time="19:00:02 | 29.04.25" level=error msg="role already exist" func=IAM/pkg/repository.InitializeRoles file="C:/Users/kukur/Desktop/IAM-new/Identity-and-Access-Management/pkg/repository/initRedis.go:68"
time="19:00:28 | 29.04.25" level=error msg="redis: can't marshal []string (implement encoding.BinaryMarshaler)" func="IAM/pkg/repository/requests/redisRoles.(*RedisRolesManagementRepository).CreateRole.func1" file="C:/Users/kukur/Desktop/IAM-new/Identity-and-Access-Management/pkg/repository/requests/redisRoles/redisCreateRole.go:42"
time="19:00:28 | 29.04.25" level=error msg="redis: can't marshal []string (implement encoding.BinaryMarshaler)" func=IAM/pkg/repository.InitializeRoles file="C:/Users/kukur/Desktop/IAM-new/Identity-and-Access-Management/pkg/repository/initRedis.go:68"
time="19:01:24 | 29.04.25" level=error msg="ERR wrong number of arguments for 'hset' command" func="IAM/pkg/repository/requests/redisRoles.(*RedisRolesManagementRepository).CreateRole.func1" file="C:/Users/kukur/Desktop/IAM-new/Identity-and-Access-Management/pkg/repository/requests/redisRoles/redisCreateRole.go:43"
time="19:01:24 | 29.04.25" level=error msg="ERR wrong number of arguments for 'hset' command" func=IAM/pkg/repository.InitializeRoles file="C:/Users/kukur/Desktop/IAM-new/Identity-and-Access-Management/pkg/repository/initRedis.go:68"
time="19:01:39 | 29.04.25" level=error msg="role already exist" func=IAM/pkg/repository.InitializeRoles file="C:/Users/kukur/Desktop/IAM-new/Identity-and-Access-Management/pkg/repository/initRedis.go:68"
time="19:01:45 | 29.04.25" level=error msg="ERR wrong number of arguments for 'hmset' command" func="IAM/pkg/repository/requests/redisRoles.(*RedisRolesManagementRepository).CreateRole.func1" file="C:/Users/kukur/Desktop/IAM-new/Identity-and-Access-Management/pkg/repository/requests/redisRoles/redisCreateRole.go:43"
time="19:01:45 | 29.04.25" level=error msg="ERR wrong number of arguments for 'hmset' command" func=IAM/pkg/repository.InitializeRoles file="C:/Users/kukur/Desktop/IAM-new/Identity-and-Access-Management/pkg/repository/initRedis.go:68"
time="19:13:14 | 29.04.25" level=error msg="ERR wrong number of arguments for 'hset' command" func="IAM/pkg/repository/requests/redisRoles.(*RedisRolesManagementRepository).CreateRole.func1" file="C:/Users/kukur/Desktop/IAM-new/Identity-and-Access-Management/pkg/repository/requests/redisRoles/redisCreateRole.go:43"
time="19:13:14 | 29.04.25" level=error msg="ERR wrong number of arguments for 'hset' command" func=IAM/pkg/repository.InitializeRoles file="C:/Users/kukur/Desktop/IAM-new/Identity-and-Access-Management/pkg/repository/initRedis.go:68"
time="19:16:48 | 29.04.25" level=error msg="ERR wrong number of arguments for 'hset' command" func="IAM/pkg/repository/requests/redisRoles.(*RedisRolesManagementRepository).CreateRole.func1" file="C:/Users/kukur/Desktop/IAM-new/Identity-and-Access-Management/pkg/repository/requests/redisRoles/redisCreateRole.go:44"
time="19:16:48 | 29.04.25" level=error msg="ERR wrong number of arguments for 'hset' command" func=IAM/pkg/repository.InitializeRoles file="C:/Users/kukur/Desktop/IAM-new/Identity-and-Access-Management/pkg/repository/initRedis.go:68"
time="19:18:05 | 29.04.25" level=error msg="role already exist" func=IAM/pkg/repository.InitializeRoles file="C:/Users/kukur/Desktop/IAM-new/Identity-and-Access-Management/pkg/repository/initRedis.go:68"
time="19:18:10 | 29.04.25" level=error msg="<nil>" func="IAM/pkg/repository/requests/redisRoles.(*RedisRolesManagementRepository).CreateRole.func1" file="C:/Users/kukur/Desktop/IAM-new/Identity-and-Access-Management/pkg/repository/requests/redisRoles/redisCreateRole.go:43"
time="19:18:10 | 29.04.25" level=error msg="<nil>" func="IAM/pkg/repository/requests/redisRoles.(*RedisRolesManagementRepository).CreateRole.func1" file="C:/Users/kukur/Desktop/IAM-new/Identity-and-Access-Management/pkg/repository/requests/redisRoles/redisCreateRole.go:43"
time="19:22:54 | 29.04.25" level=error msg="role already exist" func=IAM/pkg/repository.InitializeRoles file="C:/Users/kukur/Desktop/IAM-new/Identity-and-Access-Management/pkg/repository/initRedis.go:68"
time="13:53:13 | 09.06.25" level=error msg="failed get verification coderedis: nil" func="IAM/pkg/repository/requests/redisAuthentication.(*RedisAuthManagementRepository).GetVerificationCode" file="C:/Users/kukur/Desktop/IAM-new/Identity-and-Access-Management/pkg/repository/requests/redisAuthentication/redisRegistration.go:89"
time="13:53:13 | 09.06.25" level=error msg="redis: nil" func=IAM/pkg/service/authenticationServices.ApproveResetUserPass file="C:/Users/kukur/Desktop/IAM-new/Identity-and-Access-Management/pkg/service/authenticationServices/resetPassService.go:48"
time="11:39:00 | 10.06.25" level=error msg="Invalid verification code" func=IAM/pkg/service/authenticationServices.ApproveResetUserPass file="C:/Users/kukur/Desktop/IAM-new/Identity-and-Access-Management/pkg/service/authenticationServices/resetPassService.go:55"
time="11:41:41 | 10.06.25" level=error msg="Invalid verification code" func=IAM/pkg/service/authenticationServices.ApproveResetUserPass file="C:/Users/kukur/Desktop/IAM-new/Identity-and-Access-Management/pkg/service/authenticationServices/resetPassService.go:55"
time="11:41:41 | 10.06.25" level=error msg="verification code is invalid" func=main.main.ApproveResetPassword.func7 file="C:/Users/kukur/Desktop/IAM-new/Identity-and-Access-Management/pkg/ginHandlers/authenticationHandlers/resetPassword.go:49"
time="11:45:46 | 10.06.25" level=error msg="Invalid verification code" func=IAM/pkg/service/authenticationServices.ApproveResetUserPass file="C:/Users/kukur/Desktop/IAM-new/Identity-and-Access-Management/pkg/service/authenticationServices/resetPassService.go:55"
time="11:45:46 | 10.06.25" level=error msg="verification code is invalid" func=main.main.ApproveResetPassword.func7 file="C:/Users/kukur/Desktop/IAM-new/Identity-and-Access-Management/pkg/ginHandlers/authenticationHandlers/resetPassword.go:49"
time="11:47:25 | 10.06.25" level=error msg="failed get verification coderedis: nil" func="IAM/pkg/repository/requests/redisAuthentication.(*RedisAuthManagementRepository).GetVerificationCode" file="C:/Users/kukur/Desktop/IAM-new/Identity-and-Access-Management/pkg/repository/requests/redisAuthentication/redisRegistration.go:89"
time="11:47:25 | 10.06.25" level=error msg="redis: nil" func=IAM/pkg/service/authenticationServices.ApproveResetUserPass file="C:/Users/kukur/Desktop/IAM-new/Identity-and-Access-Management/pkg/service/authenticationServices/resetPassService.go:48"
time="11:47:25 | 10.06.25" level=error msg="redis: nil" func=main.main.ApproveResetPassword.func7 file="C:/Users/kukur/Desktop/IAM-new/Identity-and-Access-Management/pkg/ginHandlers/authenticationHandlers/resetPassword.go:49"
time="11:47:47 | 10.06.25" level=error msg="Invalid verification code" func=IAM/pkg/service/authenticationServices.ApproveResetUserPass file="C:/Users/kukur/Desktop/IAM-new/Identity-and-Access-Management/pkg/service/authenticationServices/resetPassService.go:55"
time="11:47:47 | 10.06.25" level=error msg="verification code is invalid" func=main.main.ApproveResetPassword.func7 file="C:/Users/kukur/Desktop/IAM-new/Identity-and-Access-Management/pkg/ginHandlers/authenticationHandlers/resetPassword.go:49"
time="11:48:28 | 10.06.25" level=error msg="verification code is invalid" func=main.main.ApproveResetPassword.func7 file="C:/Users/kukur/Desktop/IAM-new/Identity-and-Access-Management/pkg/ginHandlers/authenticationHandlers/resetPassword.go:49"
time="19:18:59 | 09.07.25" level=error msg=EOF func=IAM/pkg/service/authenticationServices.ResetUserPass file="C:/Users/kukur/Desktop/IAM-new/Identity-and-Access-Management/pkg/service/authenticationServices/resetPassService.go:33"
time="19:18:59 | 09.07.25" level=error msg=EOF func=IAM/pkg/service/authenticationServices.ResetUserPass file="C:/Users/kukur/Desktop/IAM-new/Identity-and-Access-Management/pkg/service/authenticationServices/resetPassService.go:33"
time="19:24:21 | 09.07.25" level=error msg="no token provided" func=main.main.AuthMiddleware.func9 file="C:/Users/kukur/Desktop/IAM-new/Identity-and-Access-Management/pkg/middlewares/authMiddleware.go:16"
time="15:50:43 | 30.07.25" level=error msg=EOF func=IAM/pkg/service/authenticationServices.StartUserRegistration file="C:/Users/kukur/Desktop/IAM-new/Identity-and-Access-Management/pkg/service/authenticationServices/registrationService.go:43"
time="19:34:59 | 30.07.25" level=error msg="dial tcp [::1]:6379: connectex: No connection could be made because the target machine actively refused it." func=IAM/pkg/repository.InitRedis file="C:/Users/kukur/Desktop/IAM-new/Identity-and-Access-Management/pkg/repository/initRedis.go:36"
time="11:45:34 | 31.07.25" level=error msg="role already exist" func=IAM/pkg/repository.InitializeRoles file="C:/Users/kukur/Desktop/IAM-new/Identity-and-Access-Management/pkg/repository/initRedis.go:69"
time="11:46:45 | 31.07.25" level=error msg="Key: 'EmailData.Email' Error:Field validation for 'Email' failed on the 'email' tag" func=main.main.StartRegistration.func4 file="C:/Users/kukur/Desktop/IAM-new/Identity-and-Access-Management/pkg/ginHandlers/authenticationHandlers/registration.go:18"
time="11:48:51 | 31.07.25" level=error msg="Key: 'EmailData.Email' Error:Field validation for 'Email' failed on the 'email' tag" func=main.main.StartRegistration.func4 file="C:/Users/kukur/Desktop/IAM-new/Identity-and-Access-Management/pkg/ginHandlers/authenticationHandlers/registration.go:18"
time="11:49:02 | 31.07.25" level=error msg=EOF func=IAM/pkg/service/authenticationServices.StartUserRegistration file="C:/Users/kukur/Desktop/IAM-new/Identity-and-Access-Management/pkg/service/authenticationServices/registrationService.go:43"
time="11:50:06 | 31.07.25" level=error msg=EOF func=IAM/pkg/service/authenticationServices.StartUserRegistration file="C:/Users/kukur/Desktop/IAM-new/Identity-and-Access-Management/pkg/service/authenticationServices/registrationService.go:43"
time="11:50:20 | 31.07.25" level=error msg=EOF func=IAM/pkg/service/authenticationServices.StartUserRegistration file="C:/Users/kukur/Desktop/IAM-new/Identity-and-Access-Management/pkg/service/authenticationServices/registrationService.go:43"
time="11:54:05 | 31.07.25" level=error msg=EOF func=IAM/pkg/service/authenticationServices.StartUserRegistration file="C:/Users/kukur/Desktop/IAM-new/Identity-and-Access-Management/pkg/service/authenticationServices/registrationService.go:43"
time="12:00:35 | 31.07.25" level=error msg="no code in query" func=IAM/pkg/service/authenticationServices/googleAuthService.GoogleLoginUser file="C:/Users/kukur/Desktop/IAM-new/Identity-and-Access-Management/pkg/service/authenticationServices/googleAuthService/googleLoginService.go:33"
time="12:00:37 | 31.07.25" level=error msg="no code in query" func=IAM/pkg/service/authenticationServices/googleAuthService.GoogleLoginUser file="C:/Users/kukur/Desktop/IAM-new/Identity-and-Access-Management/pkg/service/authenticationServices/googleAuthService/googleLoginService.go:33"
time="12:03:54 | 31.07.25" level=error msg="failed parse jwtillegal base64 data at input byte 0" func=IAM/pkg/jwt/middlewareJWT.ValidateTokenSignature file="C:/Users/kukur/Desktop/IAM-new/Identity-and-Access-Management/pkg/jwt/middlewareJWT/checkTokenValid.go:58"
time="12:03:54 | 31.07.25" level=error msg="illegal base64 data at input byte 0" func=IAM/pkg/jwt/middlewareJWT.CheckTokenValid file="C:/Users/kukur/Desktop/IAM-new/Identity-and-Access-Management/pkg/jwt/middlewareJWT/checkTokenValid.go:22"
time="12:03:54 | 31.07.25" level=error msg="illegal base64 data at input byte 0" func=main.main.AuthMiddleware.func9 file="C:/Users/kukur/Desktop/IAM-new/Identity-and-Access-Management/pkg/middlewares/authMiddleware.go:25"
time="12:05:11 | 31.07.25" level=error msg="failed parse jwtsignature is invalid" func=IAM/pkg/jwt/middlewareJWT.ValidateTokenSignature file="C:/Users/kukur/Desktop/IAM-new/Identity-and-Access-Management/pkg/jwt/middlewareJWT/checkTokenValid.go:58"
time="12:05:11 | 31.07.25" level=error msg="signature is invalid" func=IAM/pkg/jwt/middlewareJWT.CheckTokenValid file="C:/Users/kukur/Desktop/IAM-new/Identity-and-Access-Management/pkg/jwt/middlewareJWT/checkTokenValid.go:22"
time="12:05:11 | 31.07.25" level=error msg="signature is invalid" func=main.main.AuthMiddleware.func9 file="C:/Users/kukur/Desktop/IAM-new/Identity-and-Access-Management/pkg/middlewares/authMiddleware.go:25"
time="12:07:27 | 31.07.25" level=error msg=EOF func=IAM/pkg/service/authenticationServices.StartUserRegistration file="C:/Users/kukur/Desktop/IAM-new/Identity-and-Access-Management/pkg/service/authenticationServices/registrationService.go:43"
time="12:14:22 | 31.07.25" level=error msg=EOF func=IAM/pkg/service/authenticationServices.StartUserRegistration file="C:/Users/kukur/Desktop/IAM-new/Identity-and-Access-Management/pkg/service/authenticationServices/registrationService.go:43"
time="12:22:01 | 31.07.25" level=error msg=EOF func=IAM/pkg/service/authenticationServices.StartUserRegistration file="C:/Users/kukur/Desktop/IAM-new/Identity-and-Access-Management/pkg/service/authenticationServices/registrationService.go:43"
time="12:50:41 | 31.07.25" level=error msg="failed parse jwtsignature is invalid" func=IAM/pkg/jwt/middlewareJWT.ValidateTokenSignature file="C:/Users/kukur/Desktop/IAM-new/Identity-and-Access-Management/pkg/jwt/middlewareJWT/checkTokenValid.go:58"
time="12:50:41 | 31.07.25" level=error msg="signature is invalid" func=IAM/pkg/jwt/middlewareJWT.CheckTokenValid file="C:/Users/kukur/Desktop/IAM-new/Identity-and-Access-Management/pkg/jwt/middlewareJWT/checkTokenValid.go:22"
time="12:50:41 | 31.07.25" level=error msg="signature is invalid" func=main.main.AuthMiddleware.func9 file="C:/Users/kukur/Desktop/IAM-new/Identity-and-Access-Management/pkg/middlewares/authMiddleware.go:25"
time="12:51:35 | 31.07.25" level=error msg="failed parse jwtsignature is invalid" func=IAM/pkg/jwt/middlewareJWT.ValidateTokenSignature file="C:/Users/kukur/Desktop/IAM-new/Identity-and-Access-Management/pkg/jwt/middlewareJWT/checkTokenValid.go:58"
time="12:51:35 | 31.07.25" level=error msg="signature is invalid" func=IAM/pkg/jwt/middlewareJWT.CheckTokenValid file="C:/Users/kukur/Desktop/IAM-new/Identity-and-Access-Management/pkg/jwt/middlewareJWT/checkTokenValid.go:22"
time="12:51:35 | 31.07.25" level=error msg="signature is invalid" func=main.main.AuthMiddleware.func9 file="C:/Users/kukur/Desktop/IAM-new/Identity-and-Access-Management/pkg/middlewares/authMiddleware.go:25"
time="12:51:39 | 31.07.25" level=error msg="failed parse jwtsignature is invalid" func=IAM/pkg/jwt/middlewareJWT.ValidateTokenSignature file="C:/Users/kukur/Desktop/IAM-new/Identity-and-Access-Management/pkg/jwt/middlewareJWT/checkTokenValid.go:58"
time="12:51:39 | 31.07.25" level=error msg="signature is invalid" func=IAM/pkg/jwt/middlewareJWT.CheckTokenValid file="C:/Users/kukur/Desktop/IAM-new/Identity-and-Access-Management/pkg/jwt/middlewareJWT/checkTokenValid.go:22"
time="12:51:39 | 31.07.25" level=error msg="signature is invalid" func=main.main.AuthMiddleware.func9 file="C:/Users/kukur/Desktop/IAM-new/Identity-and-Access-Management/pkg/middlewares/authMiddleware.go:25"
time="12:53:44 | 31.07.25" level=error msg="failed parse jwtsignature is invalid" func=IAM/pkg/jwt/middlewareJWT.ValidateTokenSignature file="C:/Users/kukur/Desktop/IAM-new/Identity-and-Access-Management/pkg/jwt/middlewareJWT/checkTokenValid.go:58"
time="12:53:44 | 31.07.25" level=error msg="signature is invalid" func=IAM/pkg/jwt/middlewareJWT.CheckTokenValid file="C:/Users/kukur/Desktop/IAM-new/Identity-and-Access-Management/pkg/jwt/middlewareJWT/checkTokenValid.go:22"
time="12:53:44 | 31.07.25" level=error msg="signature is invalid" func=main.main.AuthMiddleware.func9 file="C:/Users/kukur/Desktop/IAM-new/Identity-and-Access-Management/pkg/middlewares/authMiddleware.go:25"
time="13:24:33 | 05.08.25" level=error msg="dial tcp: lookup redis: no such host" func=IAM/pkg/repository.InitRedis file="C:/Users/kukur/Desktop/IAM-new/Identity-and-Access-Management/pkg/repository/initRedis.go:36"
